<?xml version="1.0" encoding="UTF-8"?>
<testsuite name="com.busanbank.loan.domain.loan.ContractServiceTest" tests="6" skipped="0" failures="0" errors="0" timestamp="2026-06-24T04:33:39" hostname="DESKTOP-TH449U4" time="0.34">
  <properties/>
  <testcase name="대출 조건 저장 실패 - 심사 결과 거절" classname="com.busanbank.loan.domain.loan.ContractServiceTest" time="0.309"/>
  <testcase name="대출 실행 성공 - 계좌 잔액 증가, 상태 '9'" classname="com.busanbank.loan.domain.loan.ContractServiceTest" time="0.007"/>
  <testcase name="대출 조건 저장 성공 - finalRate 최소값 0.1% 적용" classname="com.busanbank.loan.domain.loan.ContractServiceTest" time="0.008"/>
  <testcase name="대출 조건 저장 성공 - finalRate = baseRate (우대금리 없음)" classname="com.busanbank.loan.domain.loan.ContractServiceTest" time="0.004"/>
  <testcase name="대출 실행 실패 - 잘못된 간편 비밀번호" classname="com.busanbank.loan.domain.loan.ContractServiceTest" time="0.004"/>
  <testcase name="대출 조건 저장 실패 - 신청 금액이 승인 한도 초과" classname="com.busanbank.loan.domain.loan.ContractServiceTest" time="0.004"/>
  <system-out><![CDATA[]]></system-out>
  <system-err><![CDATA[]]></system-err>
</testsuite>
