<?xml version="1.0" encoding="UTF-8"?>
<testsuite name="com.busanbank.loan.domain.customer.CustomerIntegrationTest" tests="12" skipped="0" failures="0" errors="0" timestamp="2026-06-24T04:33:36" hostname="DESKTOP-TH449U4" time="2.533">
  <properties/>
  <testcase name="이메일 인증 코드 전송 - 성공 (미가입 이메일)" classname="com.busanbank.loan.domain.customer.CustomerIntegrationTest" time="0.519"/>
  <testcase name="로그인 - 성공" classname="com.busanbank.loan.domain.customer.CustomerIntegrationTest" time="0.835"/>
  <testcase name="이메일 인증 코드 전송 - 실패 (이미 가입된 이메일)" classname="com.busanbank.loan.domain.customer.CustomerIntegrationTest" time="0.205"/>
  <testcase name="이메일 인증 코드 검증 - 실패 (잘못된 코드)" classname="com.busanbank.loan.domain.customer.CustomerIntegrationTest" time="0.01"/>
  <testcase name="회원 가입 - 성공" classname="com.busanbank.loan.domain.customer.CustomerIntegrationTest" time="0.199"/>
  <testcase name="로그인 - 실패 (잘못된 비밀번호)" classname="com.busanbank.loan.domain.customer.CustomerIntegrationTest" time="0.259"/>
  <testcase name="이메일 인증 코드 검증 - 실패 (캐시에 코드 없음)" classname="com.busanbank.loan.domain.customer.CustomerIntegrationTest" time="0.007"/>
  <testcase name="회원 가입 - 실패 (중복 이메일)" classname="com.busanbank.loan.domain.customer.CustomerIntegrationTest" time="0.2"/>
  <testcase name="로그아웃 - 성공 (세션 무효화)" classname="com.busanbank.loan.domain.customer.CustomerIntegrationTest" time="0.262"/>
  <testcase name="로그인 - 실패 (존재하지 않는 이메일)" classname="com.busanbank.loan.domain.customer.CustomerIntegrationTest" time="0.01"/>
  <testcase name="이메일 인증 코드 검증 - 성공" classname="com.busanbank.loan.domain.customer.CustomerIntegrationTest" time="0.007"/>
  <testcase name="회원 가입 - 실패 (이메일 인증 미완료)" classname="com.busanbank.loan.domain.customer.CustomerIntegrationTest" time="0.007"/>
  <system-out><![CDATA[13:33:27.260 [Test worker] INFO org.springframework.test.context.support.AnnotationConfigContextLoaderUtils -- Could not detect default configuration classes for test class [com.busanbank.loan.domain.customer.CustomerIntegrationTest]: CustomerIntegrationTest does not declare any static, non-private, non-final, nested classes annotated with @Configuration.
13:33:27.446 [Test worker] INFO org.springframework.boot.test.context.SpringBootTestContextBootstrapper -- Found @SpringBootConfiguration com.busanbank.loan.BnkApplication for test class com.busanbank.loan.domain.customer.CustomerIntegrationTest

  .   ____          _            __ _ _
 /\\ / ___'_ __ _ _(_)_ __  __ _ \ \ \ \
( ( )\___ | '_ | '_| | '_ \/ _` | \ \ \ \
 \\/  ___)| |_)| | | | | || (_| |  ) ) ) )
  '  |____| .__|_| |_|_| |_\__, | / / / /
 =========|_|==============|___/=/_/_/_/

 :: Spring Boot ::                (v3.3.4)

]]></system-out>
  <system-err><![CDATA[]]></system-err>
</testsuite>
