<?xml version="1.0" encoding="UTF-8"?>
<testsuite name="com.busanbank.loan.domain.product.ProductIntegrationTest" tests="7" skipped="0" failures="0" errors="0" timestamp="2026-06-24T04:33:41" hostname="DESKTOP-TH449U4" time="1.998">
  <properties/>
  <testcase name="상품 목록 조회 - 성공 (상품 없을 때 빈 배열)" classname="com.busanbank.loan.domain.product.ProductIntegrationTest" time="0.28"/>
  <testcase name="상품 삭제 - 성공 (status DISCONTINUED)" classname="com.busanbank.loan.domain.product.ProductIntegrationTest" time="0.33"/>
  <testcase name="상품 생성 - 성공" classname="com.busanbank.loan.domain.product.ProductIntegrationTest" time="0.272"/>
  <testcase name="상품 목록 조회 - 인증 없이 접근 시 401" classname="com.busanbank.loan.domain.product.ProductIntegrationTest" time="0.258"/>
  <testcase name="상품 생성 후 목록 조회 - 생성된 상품 포함" classname="com.busanbank.loan.domain.product.ProductIntegrationTest" time="0.276"/>
  <testcase name="상품 상세 조회 - 성공" classname="com.busanbank.loan.domain.product.ProductIntegrationTest" time="0.271"/>
  <testcase name="상품 수정 - 성공" classname="com.busanbank.loan.domain.product.ProductIntegrationTest" time="0.303"/>
  <system-out><![CDATA[]]></system-out>
  <system-err><![CDATA[]]></system-err>
</testsuite>
