<?xml version="1.0" encoding="UTF-8"?>
<testsuite name="com.busanbank.loan.domain.loan.LoanFlowIntegrationTest" tests="3" skipped="0" failures="0" errors="0" timestamp="2026-06-24T04:33:39" hostname="DESKTOP-TH449U4" time="1.59">
  <properties/>
  <testcase name="만료된 신청서로 다음 단계 진행 불가" classname="com.busanbank.loan.domain.loan.LoanFlowIntegrationTest" time="0.485"/>
  <testcase name="진행 중인 대출이 있으면 신규 신청 불가" classname="com.busanbank.loan.domain.loan.LoanFlowIntegrationTest" time="0.304"/>
  <testcase name="대출 신청 전체 플로우" classname="com.busanbank.loan.domain.loan.LoanFlowIntegrationTest" time="0.797"/>
  <system-out><![CDATA[]]></system-out>
  <system-err><![CDATA[]]></system-err>
</testsuite>
