<?xml version="1.0" encoding="UTF-8"?>
<testsuite name="com.busanbank.loan.domain.loan.LoanApplicationServiceTest" tests="7" skipped="0" failures="0" errors="0" timestamp="2026-06-24T04:33:39" hostname="DESKTOP-TH449U4" time="0.099">
  <properties/>
  <testcase name="대출 신청 생성 실패 - 상품 없음" classname="com.busanbank.loan.domain.loan.LoanApplicationServiceTest" time="0.079"/>
  <testcase name="findAndValidate - 만료된 신청서 → LOAN_EXPIRED" classname="com.busanbank.loan.domain.loan.LoanApplicationServiceTest" time="0.003"/>
  <testcase name="findAndValidate - 신청서 없음 → LOAN_NOT_FOUND" classname="com.busanbank.loan.domain.loan.LoanApplicationServiceTest" time="0.003"/>
  <testcase name="대출 신청 생성 실패 - 이미 진행 중인 대출" classname="com.busanbank.loan.domain.loan.LoanApplicationServiceTest" time="0.003"/>
  <testcase name="대출 신청 생성 성공 - loanAccountNo 형식 검증 (BNK + date + 9digits)" classname="com.busanbank.loan.domain.loan.LoanApplicationServiceTest" time="0.004"/>
  <testcase name="findAndValidate - 단계 불일치 → INVALID_STEP" classname="com.busanbank.loan.domain.loan.LoanApplicationServiceTest" time="0.002"/>
  <testcase name="findAndValidate - 올바른 상태 → 신청서 반환" classname="com.busanbank.loan.domain.loan.LoanApplicationServiceTest" time="0.002"/>
  <system-out><![CDATA[]]></system-out>
  <system-err><![CDATA[]]></system-err>
</testsuite>
