<?xml version="1.0" encoding="UTF-8"?>
<testsuite name="com.busanbank.loan.domain.customer.CustomerServiceTest" tests="7" skipped="0" failures="0" errors="0" timestamp="2026-06-24T04:33:38" hostname="DESKTOP-TH449U4" time="0.203">
  <properties/>
  <testcase name="로그인 실패 - 존재하지 않는 이메일" classname="com.busanbank.loan.domain.customer.CustomerServiceTest" time="0.136"/>
  <testcase name="로그인 성공 - 세션에 customerId 저장" classname="com.busanbank.loan.domain.customer.CustomerServiceTest" time="0.008"/>
  <testcase name="로그인 실패 - 비활성 고객" classname="com.busanbank.loan.domain.customer.CustomerServiceTest" time="0.004"/>
  <testcase name="회원 가입 성공" classname="com.busanbank.loan.domain.customer.CustomerServiceTest" time="0.027"/>
  <testcase name="로그인 실패 - 잘못된 비밀번호" classname="com.busanbank.loan.domain.customer.CustomerServiceTest" time="0.004"/>
  <testcase name="회원 가입 실패 - 중복 이메일" classname="com.busanbank.loan.domain.customer.CustomerServiceTest" time="0.005"/>
  <testcase name="회원 가입 실패 - 이메일 미인증" classname="com.busanbank.loan.domain.customer.CustomerServiceTest" time="0.005"/>
  <system-out><![CDATA[]]></system-out>
  <system-err><![CDATA[]]></system-err>
</testsuite>
